Copyright 1986-2023 Xilinx, Inc. All Rights Reserved.
-----------------------------------------------------------------------------------------------------------------------------
| Tool Version : Vivado v.2022.2.2 (lin64) Build 3788238 Tue Feb 21 19:59:23 MST 2023
| Date         : Fri Apr 28 00:24:25 2023
| Host         : kali running 64-bit Kali GNU/Linux Rolling
| Command      : report_utilization -file design_1_wrapper_utilization_placed.rpt -pb design_1_wrapper_utilization_placed.pb
| Design       : design_1_wrapper
| Device       : xczu7ev-ffvc1156-2-e
| Speed File   : -2
| Design State : Fully Placed
-----------------------------------------------------------------------------------------------------------------------------

Utilization Design Information

Table of Contents
-----------------
1. CLB Logic
1.1 Summary of Registers by Type
2. CLB Logic Distribution
3. BLOCKRAM
4. ARITHMETIC
5. I/O
6. CLOCK
7. ADVANCED
8. CONFIGURATION
9. Primitives
10. Black Boxes
11. Instantiated Netlists

1. CLB Logic
------------

+----------------------------+------+-------+------------+-----------+-------+
|          Site Type         | Used | Fixed | Prohibited | Available | Util% |
+----------------------------+------+-------+------------+-----------+-------+
| CLB LUTs                   | 4363 |     0 |          0 |    230400 |  1.89 |
|   LUT as Logic             | 3867 |     0 |          0 |    230400 |  1.68 |
|   LUT as Memory            |  496 |     0 |          0 |    101760 |  0.49 |
|     LUT as Distributed RAM |  360 |     0 |            |           |       |
|     LUT as Shift Register  |  136 |     0 |            |           |       |
| CLB Registers              | 5827 |     0 |          0 |    460800 |  1.26 |
|   Register as Flip Flop    | 5827 |     0 |          0 |    460800 |  1.26 |
|   Register as Latch        |    0 |     0 |          0 |    460800 |  0.00 |
| CARRY8                     |   27 |     0 |          0 |     28800 |  0.09 |
| F7 Muxes                   |    4 |     0 |          0 |    115200 | <0.01 |
| F8 Muxes                   |    0 |     0 |          0 |     57600 |  0.00 |
| F9 Muxes                   |    0 |     0 |          0 |     28800 |  0.00 |
+----------------------------+------+-------+------------+-----------+-------+
* Warning! LUT value is adjusted to account for LUT combining.


1.1 Summary of Registers by Type
--------------------------------

+-------+--------------+-------------+--------------+
| Total | Clock Enable | Synchronous | Asynchronous |
+-------+--------------+-------------+--------------+
| 0     |            _ |           - |            - |
| 0     |            _ |           - |          Set |
| 0     |            _ |           - |        Reset |
| 0     |            _ |         Set |            - |
| 0     |            _ |       Reset |            - |
| 0     |          Yes |           - |            - |
| 176   |          Yes |           - |          Set |
| 268   |          Yes |           - |        Reset |
| 175   |          Yes |         Set |            - |
| 5208  |          Yes |       Reset |            - |
+-------+--------------+-------------+--------------+


2. CLB Logic Distribution
-------------------------

+--------------------------------------------+------+-------+------------+-----------+-------+
|                  Site Type                 | Used | Fixed | Prohibited | Available | Util% |
+--------------------------------------------+------+-------+------------+-----------+-------+
| CLB                                        | 1090 |     0 |          0 |     28800 |  3.78 |
|   CLBL                                     |  539 |     0 |            |           |       |
|   CLBM                                     |  551 |     0 |            |           |       |
| LUT as Logic                               | 3867 |     0 |          0 |    230400 |  1.68 |
|   using O5 output only                     |  240 |       |            |           |       |
|   using O6 output only                     | 2786 |       |            |           |       |
|   using O5 and O6                          |  841 |       |            |           |       |
| LUT as Memory                              |  496 |     0 |          0 |    101760 |  0.49 |
|   LUT as Distributed RAM                   |  360 |     0 |            |           |       |
|     using O5 output only                   |    0 |       |            |           |       |
|     using O6 output only                   |    8 |       |            |           |       |
|     using O5 and O6                        |  352 |       |            |           |       |
|   LUT as Shift Register                    |  136 |     0 |            |           |       |
|     using O5 output only                   |    0 |       |            |           |       |
|     using O6 output only                   |  129 |       |            |           |       |
|     using O5 and O6                        |    7 |       |            |           |       |
| CLB Registers                              | 5827 |     0 |          0 |    460800 |  1.26 |
|   Register driven from within the CLB      | 2647 |       |            |           |       |
|   Register driven from outside the CLB     | 3180 |       |            |           |       |
|     LUT in front of the register is unused | 2357 |       |            |           |       |
|     LUT in front of the register is used   |  823 |       |            |           |       |
| Unique Control Sets                        |  336 |       |          0 |     57600 |  0.58 |
+--------------------------------------------+------+-------+------------+-----------+-------+
* * Note: Available Control Sets calculated as Slices * 2, Review the Control Sets Report for more information regarding control sets.


3. BLOCKRAM
-----------

+-------------------+------+-------+------------+-----------+-------+
|     Site Type     | Used | Fixed | Prohibited | Available | Util% |
+-------------------+------+-------+------------+-----------+-------+
| Block RAM Tile    |    2 |     0 |          0 |       312 |  0.64 |
|   RAMB36/FIFO*    |    2 |     0 |          0 |       312 |  0.64 |
|     RAMB36E2 only |    2 |       |            |           |       |
|   RAMB18          |    0 |     0 |          0 |       624 |  0.00 |
| URAM              |    0 |     0 |          0 |        96 |  0.00 |
+-------------------+------+-------+------------+-----------+-------+
* Note: Each Block RAM Tile only has one FIFO logic available and therefore can accommodate only one FIFO36E2 or one FIFO18E2. However, if a FIFO18E2 occupies a Block RAM Tile, that tile can still accommodate a RAMB18E2


4. ARITHMETIC
-------------

+-----------+------+-------+------------+-----------+-------+
| Site Type | Used | Fixed | Prohibited | Available | Util% |
+-----------+------+-------+------------+-----------+-------+
| DSPs      |    0 |     0 |          0 |      1728 |  0.00 |
+-----------+------+-------+------------+-----------+-------+


5. I/O
------

+------------------+------+-------+------------+-----------+-------+
|     Site Type    | Used | Fixed | Prohibited | Available | Util% |
+------------------+------+-------+------------+-----------+-------+
| Bonded IOB       |   16 |     6 |          0 |       360 |  4.44 |
| HPIOB_M          |    2 |     2 |          0 |       144 |  1.39 |
|   INPUT          |    0 |       |            |           |       |
|   OUTPUT         |    2 |       |            |           |       |
|   BIDIR          |    0 |       |            |           |       |
| HPIOB_S          |    4 |     4 |          0 |       144 |  2.78 |
|   INPUT          |    0 |       |            |           |       |
|   OUTPUT         |    4 |       |            |           |       |
|   BIDIR          |    0 |       |            |           |       |
| HDIOB_M          |    5 |     0 |          0 |        24 | 20.83 |
|   INPUT          |    5 |       |            |           |       |
|   OUTPUT         |    0 |       |            |           |       |
|   BIDIR          |    0 |       |            |           |       |
| HDIOB_S          |    5 |     0 |          0 |        24 | 20.83 |
|   INPUT          |    5 |       |            |           |       |
|   OUTPUT         |    0 |       |            |           |       |
|   BIDIR          |    0 |       |            |           |       |
| HPIOB_SNGL       |    0 |     0 |          0 |        24 |  0.00 |
| HPIOBDIFFINBUF   |    0 |     0 |          0 |       192 |  0.00 |
| HPIOBDIFFOUTBUF  |    0 |     0 |          0 |       192 |  0.00 |
| HDIOBDIFFINBUF   |    0 |     0 |          0 |        48 |  0.00 |
| BITSLICE_CONTROL |    0 |     0 |          0 |        64 |  0.00 |
| BITSLICE_RX_TX   |    0 |     0 |          0 |      2496 |  0.00 |
| BITSLICE_TX      |    0 |     0 |          0 |        64 |  0.00 |
| RIU_OR           |    0 |     0 |          0 |        32 |  0.00 |
+------------------+------+-------+------------+-----------+-------+


6. CLOCK
--------

+----------------------+------+-------+------------+-----------+-------+
|       Site Type      | Used | Fixed | Prohibited | Available | Util% |
+----------------------+------+-------+------------+-----------+-------+
| GLOBAL CLOCK BUFFERs |    3 |     0 |          0 |       544 |  0.55 |
|   BUFGCE             |    2 |     0 |          0 |       208 |  0.96 |
|   BUFGCE_DIV         |    0 |     0 |          0 |        32 |  0.00 |
|   BUFG_GT            |    0 |     0 |          0 |       144 |  0.00 |
|   BUFG_PS            |    1 |     0 |          0 |        96 |  1.04 |
|   BUFGCTRL*          |    0 |     0 |          0 |        64 |  0.00 |
| PLL                  |    0 |     0 |          0 |        16 |  0.00 |
| MMCM                 |    1 |     0 |          0 |         8 | 12.50 |
+----------------------+------+-------+------------+-----------+-------+
* Note: Each used BUFGCTRL counts as two GLOBAL CLOCK BUFFERs. This table does not include global clocking resources, only buffer cell usage. See the Clock Utilization Report (report_clock_utilization) for detailed accounting of global clocking resource availability.


7. ADVANCED
-----------

+-----------------+------+-------+------------+-----------+--------+
|    Site Type    | Used | Fixed | Prohibited | Available |  Util% |
+-----------------+------+-------+------------+-----------+--------+
| GTHE4_CHANNEL   |    0 |     0 |          0 |        20 |   0.00 |
| GTHE4_COMMON    |    0 |     0 |          0 |         5 |   0.00 |
| OBUFDS_GTE4     |    0 |     0 |          0 |        10 |   0.00 |
| OBUFDS_GTE4_ADV |    0 |     0 |          0 |        10 |   0.00 |
| PCIE40E4        |    0 |     0 |          0 |         2 |   0.00 |
| PS8             |    1 |     0 |          0 |         1 | 100.00 |
| SYSMONE4        |    0 |     0 |          0 |         1 |   0.00 |
| VCU             |    0 |     0 |          0 |         1 |   0.00 |
+-----------------+------+-------+------------+-----------+--------+


8. CONFIGURATION
----------------

+-------------+------+-------+------------+-----------+-------+
|  Site Type  | Used | Fixed | Prohibited | Available | Util% |
+-------------+------+-------+------------+-----------+-------+
| BSCANE2     |    0 |     0 |          0 |         4 |  0.00 |
| DNA_PORTE2  |    0 |     0 |          0 |         1 |  0.00 |
| EFUSE_USR   |    0 |     0 |          0 |         1 |  0.00 |
| FRAME_ECCE4 |    0 |     0 |          0 |         1 |  0.00 |
| ICAPE3      |    0 |     0 |          0 |         2 |  0.00 |
| MASTER_JTAG |    0 |     0 |          0 |         1 |  0.00 |
| STARTUPE3   |    0 |     0 |          0 |         1 |  0.00 |
+-------------+------+-------+------------+-----------+-------+


9. Primitives
-------------

+------------+------+---------------------+
|  Ref Name  | Used | Functional Category |
+------------+------+---------------------+
| FDRE       | 5208 |            Register |
| LUT6       | 1400 |                 CLB |
| LUT5       | 1076 |                 CLB |
| LUT3       |  809 |                 CLB |
| LUT4       |  648 |                 CLB |
| RAMD32     |  620 |                 CLB |
| LUT2       |  603 |                 CLB |
| FDCE       |  268 |            Register |
| FDPE       |  176 |            Register |
| FDSE       |  175 |            Register |
| LUT1       |  172 |                 CLB |
| RAMS32     |   92 |                 CLB |
| SRL16E     |   73 |                 CLB |
| SRLC32E    |   70 |                 CLB |
| CARRY8     |   27 |                 CLB |
| INBUF      |   10 |                 I/O |
| IBUFCTRL   |   10 |              Others |
| OBUFT      |    6 |                 I/O |
| MUXF7      |    4 |                 CLB |
| RAMB36E2   |    2 |            BLOCKRAM |
| BUFGCE     |    2 |               Clock |
| PS8        |    1 |            Advanced |
| MMCME4_ADV |    1 |               Clock |
| BUFG_PS    |    1 |               Clock |
+------------+------+---------------------+


10. Black Boxes
---------------

+----------+------+
| Ref Name | Used |
+----------+------+


11. Instantiated Netlists
-------------------------

+------------------------------------+------+
|              Ref Name              | Used |
+------------------------------------+------+
| design_1_zynq_ultra_ps_e_0_0       |    1 |
| design_1_xbar_1                    |    1 |
| design_1_rst_ps8_0_99M_0           |    1 |
| design_1_rst_clk_wiz_0_499M_0      |    1 |
| design_1_clk_wiz_0_0               |    1 |
| design_1_axis_subset_converter_0_0 |    1 |
| design_1_axi_dma_0_0               |    1 |
| design_1_auto_pc_1                 |    1 |
| design_1_auto_pc_0                 |    1 |
| design_1_auto_ds_1                 |    1 |
| design_1_auto_ds_0                 |    1 |
| design_1_auto_cc_0                 |    1 |
| design_1_adc_ctrl_0_1              |    1 |
+------------------------------------+------+


